<?xml version="1.0" encoding="UTF-8"?>
<!-- Generated by org.testng.reporters.JUnitXMLReporter -->
<testsuite hostname="ShahRidzuan" ignored="1" name="LazadaTestScenario1" tests="2" failures="1" timestamp="15 Feb 2019 19:52:23 GMT" time="12.948" errors="0">
  <testcase name="TestCase01" time="0.05" classname="exercise3.LazadaTestExercise1"/>
  <testcase name="TestCase03" time="0.042" classname="exercise3.LazadaTestExercise1">
    <failure type="java.lang.AssertionError" message="expected [Test] but found [Lazada.com.my: Online Shopping Malaysia - Mobiles, Tablets, Home Appliances, TV, Audio &amp;amp; More]">
      <![CDATA[java.lang.AssertionError: expected [Test] but found [Lazada.com.my: Online Shopping Malaysia - Mobiles, Tablets, Home Appliances, TV, Audio & More]
at exercise3.LazadaTestExercise1.TestCase03(LazadaTestExercise1.java:71)
at java.util.concurrent.Executors$RunnableAdapter.call(Unknown Source)
at java.util.concurrent.FutureTask.run(Unknown Source)
at java.util.concurrent.ThreadPoolExecutor.runWorker(Unknown Source)
at java.util.concurrent.ThreadPoolExecutor$Worker.run(Unknown Source)
at java.lang.Thread.run(Unknown Source)
... Removed 13 stack frames]]>
    </failure>
  </testcase> <!-- TestCase03 -->
  <testcase name="TestCase02" time="0.0" classname="exercise3.LazadaTestExercise1">
    <ignored/>
  </testcase> <!-- TestCase02 -->
</testsuite> <!-- LazadaTestScenario1 -->
