<?xml version="1.0" encoding="UTF-8"?>
<!-- Generated by org.testng.reporters.JUnitXMLReporter -->
<testsuite hostname="ShahRidzuan" ignored="3" name="AgodaTestFolderChrome" tests="9" failures="1" timestamp="08 Feb 2019 13:43:38 GMT" time="524.359" errors="0">
  <testcase name="OpenNewTab" time="13.031" classname="exercise2.AgodaTestExercise2"/>
  <testcase name="OpenNewTab" time="10.359" classname="exercise2.AgodaTestExercise2"/>
  <testcase name="OpenNewTab" time="13.621" classname="exercise2.AgodaTestExercise2"/>
  <testcase name="OpenNewTab" time="16.693" classname="exercise2.AgodaTestExercise2"/>
  <testcase name="OpenNewTab" time="19.39" classname="exercise2.AgodaTestExercise2"/>
  <testcase name="OpenNewTab" time="22.166" classname="exercise2.AgodaTestExercise2"/>
  <testcase name="OpenNewTab" time="30.487" classname="exercise2.AgodaTestExercise2"/>
  <testcase name="OpenNewTab" time="29.926" classname="exercise2.AgodaTestExercise2"/>
  <testcase name="OpenNewTab" time="37.088" classname="exercise2.AgodaTestExercise2">
    <failure type="org.openqa.selenium.ElementClickInterceptedException" message="Element &amp;lt;li class=&amp;quot;PropertyCardItem ssr-search-result &amp;quot;&amp;gt; is not clickable at point (814,543.25) because another element &amp;lt;div class=&amp;quot;l-col-5&amp;quot;&amp;gt; obscures it
Build info: version: &amp;apos;3.141.59&amp;apos;, revision: &amp;apos;e82be7d358&amp;apos;, time: &amp;apos;2018-11-14T08:25:48&amp;apos;
System info: host: &amp;apos;SHAHRIDZUAN&amp;apos;, ip: &amp;apos;192.168.0.108&amp;apos;, os.name: &amp;apos;Windows 10&amp;apos;, os.arch: &amp;apos;amd64&amp;apos;, os.version: &amp;apos;10.0&amp;apos;, java.version: &amp;apos;1.8.0_191&amp;apos;
Driver info: org.openqa.selenium.firefox.FirefoxDriver
Capabilities {acceptInsecureCerts: true, browserName: firefox, browserVersion: 62.0.3, javascriptEnabled: true, moz:accessibilityChecks: false, moz:geckodriverVersion: 0.23.0, moz:headless: false, moz:processID: 10608, moz:profile: C:\Users\shahrid92\AppData\..., moz:useNonSpecCompliantPointerOrigin: false, moz:webdriverClick: true, pageLoadStrategy: normal, platform: XP, platformName: XP, platformVersion: 10.0, rotatable: false, timeouts: {implicit: 0, pageLoad: 300000, script: 30000}}
Session ID: c7b06813-0290-4bf2-be89-61afd5a56ccd">
      <![CDATA[org.openqa.selenium.ElementClickInterceptedException: Element <li class="PropertyCardItem ssr-search-result "> is not clickable at point (814,543.25) because another element <div class="l-col-5"> obscures it
Build info: version: '3.141.59', revision: 'e82be7d358', time: '2018-11-14T08:25:48'
System info: host: 'SHAHRIDZUAN', ip: '192.168.0.108', os.name: 'Windows 10', os.arch: 'amd64', os.version: '10.0', java.version: '1.8.0_191'
Driver info: org.openqa.selenium.firefox.FirefoxDriver
Capabilities {acceptInsecureCerts: true, browserName: firefox, browserVersion: 62.0.3, javascriptEnabled: true, moz:accessibilityChecks: false, moz:geckodriverVersion: 0.23.0, moz:headless: false, moz:processID: 10608, moz:profile: C:\Users\shahrid92\AppData\..., moz:useNonSpecCompliantPointerOrigin: false, moz:webdriverClick: true, pageLoadStrategy: normal, platform: XP, platformName: XP, platformVersion: 10.0, rotatable: false, timeouts: {implicit: 0, pageLoad: 300000, script: 30000}}
Session ID: c7b06813-0290-4bf2-be89-61afd5a56ccd
at org.openqa.selenium.remote.http.W3CHttpResponseCodec.createException(W3CHttpResponseCodec.java:187)
at org.openqa.selenium.remote.http.W3CHttpResponseCodec.decode(W3CHttpResponseCodec.java:122)
at org.openqa.selenium.remote.http.W3CHttpResponseCodec.decode(W3CHttpResponseCodec.java:49)
at org.openqa.selenium.remote.HttpCommandExecutor.execute(HttpCommandExecutor.java:158)
at org.openqa.selenium.remote.service.DriverCommandExecutor.execute(DriverCommandExecutor.java:83)
at org.openqa.selenium.remote.RemoteWebDriver.execute(RemoteWebDriver.java:552)
at org.openqa.selenium.remote.RemoteWebElement.execute(RemoteWebElement.java:285)
at org.openqa.selenium.remote.RemoteWebElement.click(RemoteWebElement.java:84)
at exercise2.AgodaTestExercise2.OpenNewTab(AgodaTestExercise2.java:83)
... Removed 29 stack frames]]>
    </failure>
  </testcase> <!-- OpenNewTab -->
  <testcase name="VerifiedTitle" time="0.0" classname="exercise2.AgodaTestExercise1">
    <ignored/>
  </testcase> <!-- VerifiedTitle -->
  <testcase name="SearchResult" time="0.0" classname="exercise2.AgodaTestExercise1">
    <ignored/>
  </testcase> <!-- SearchResult -->
  <testcase name="TestUrlParameter" time="0.0" classname="exercise2.AgodaTestExercise3">
    <ignored/>
  </testcase> <!-- TestUrlParameter -->
</testsuite> <!-- AgodaTestFolderChrome -->
